c:\users\ielguezabalext\source\repos\misc-tools-master\build\debug\opc.ua.certificategenerator\intermediate\vc143.pdb
c:\users\ielguezabalext\source\repos\misc-tools-master\build\debug\opc.ua.certificategenerator\intermediate\utils.obj
c:\users\ielguezabalext\source\repos\misc-tools-master\build\debug\opc.ua.certificategenerator\intermediate\opcua_certficates.obj
c:\users\ielguezabalext\source\repos\misc-tools-master\build\debug\opc.ua.certificategenerator\intermediate\main.obj
c:\users\ielguezabalext\source\repos\misc-tools-master\build\debug\opc.ua.certificategenerator\intermediate\commandlineargs.obj
c:\users\ielguezabalext\source\repos\misc-tools-master\build\debug\opc.ua.certificategenerator\intermediate\application.obj
c:\users\ielguezabalext\source\repos\misc-tools-master\build\debug\opc.ua.certificategenerator\opc.ua.certificategenerator.exe
c:\users\ielguezabalext\source\repos\misc-tools-master\build\debug\opc.ua.certificategenerator\opc.ua.certificategenerator.pdb
c:\users\ielguezabalext\source\repos\misc-tools-master\build\debug\opc.ua.certificategenerator\libcrypto-3.dll
c:\users\ielguezabalext\source\repos\misc-tools-master\build\debug\opc.ua.certificategenerator\intermediate\resource.res
c:\users\ielguezabalext\source\repos\misc-tools-master\build\debug\opc.ua.certificategenerator\intermediate\opc.ua.certificategenerator.ilk
c:\users\ielguezabalext\source\repos\misc-tools-master\build\debug\opc.ua.certificategenerator\intermediate\ua certificate generator.vcxproj.filelistabsolute.txt
c:\users\ielguezabalext\source\repos\misc-tools-master\build\debug\opc.ua.certificategenerator\intermediate\opc.ua.c.6fe9c227.tlog\cl.command.1.tlog
c:\users\ielguezabalext\source\repos\misc-tools-master\build\debug\opc.ua.certificategenerator\intermediate\opc.ua.c.6fe9c227.tlog\cl.items.tlog
c:\users\ielguezabalext\source\repos\misc-tools-master\build\debug\opc.ua.certificategenerator\intermediate\opc.ua.c.6fe9c227.tlog\cl.read.1.tlog
c:\users\ielguezabalext\source\repos\misc-tools-master\build\debug\opc.ua.certificategenerator\intermediate\opc.ua.c.6fe9c227.tlog\cl.write.1.tlog
c:\users\ielguezabalext\source\repos\misc-tools-master\build\debug\opc.ua.certificategenerator\intermediate\opc.ua.c.6fe9c227.tlog\link.command.1.tlog
c:\users\ielguezabalext\source\repos\misc-tools-master\build\debug\opc.ua.certificategenerator\intermediate\opc.ua.c.6fe9c227.tlog\link.read.1.tlog
c:\users\ielguezabalext\source\repos\misc-tools-master\build\debug\opc.ua.certificategenerator\intermediate\opc.ua.c.6fe9c227.tlog\link.secondary.1.tlog
c:\users\ielguezabalext\source\repos\misc-tools-master\build\debug\opc.ua.certificategenerator\intermediate\opc.ua.c.6fe9c227.tlog\link.write.1.tlog
c:\users\ielguezabalext\source\repos\misc-tools-master\build\debug\opc.ua.certificategenerator\intermediate\opc.ua.c.6fe9c227.tlog\opc.ua.certificategenerator.write.1u.tlog
c:\users\ielguezabalext\source\repos\misc-tools-master\build\debug\opc.ua.certificategenerator\intermediate\opc.ua.c.6fe9c227.tlog\rc.command.1.tlog
c:\users\ielguezabalext\source\repos\misc-tools-master\build\debug\opc.ua.certificategenerator\intermediate\opc.ua.c.6fe9c227.tlog\rc.read.1.tlog
c:\users\ielguezabalext\source\repos\misc-tools-master\build\debug\opc.ua.certificategenerator\intermediate\opc.ua.c.6fe9c227.tlog\rc.write.1.tlog
